2023-09-26T08:11:01.656Z In(05) vmx Log for vmrun pid=19525 version=1.17.0 build=build-21581413 option=Release
2023-09-26T08:11:01.656Z In(05) vmx The host is 64-bit Arm.
2023-09-26T08:11:01.656Z In(05) vmx Host codepage=UTF-8 encoding=UTF-8
2023-09-26T08:11:01.656Z In(05) vmx Host is macOS 13.5.2 (22G91) Darwin 22.6.0
2023-09-26T08:11:01.656Z In(05) vmx Host offset from UTC is +07:00.
2023-09-26T08:11:01.653Z In(05) vmx VTHREAD 8598151296 "vmx" tid 214151
2023-09-26T08:11:01.655Z In(05) vmx Msg_SetLocaleEx: HostLocale=UTF-8 UserLocale=en
2023-09-26T08:11:01.655Z In(05) vmx DictionaryLoad: Cannot open file "/Applications/VMware Fusion.app/Contents/Library/messages/en/vmware.vmsg": No such file or directory.
2023-09-26T08:11:01.655Z In(05) vmx DictionaryLoad: Cannot open file "/Library/Preferences/VMware Fusion/config": No such file or directory.
2023-09-26T08:11:01.655Z In(05) vmx Msg_Reset:
2023-09-26T08:11:01.655Z In(05) vmx [msg.dictionary.load.openFailed] Cannot open file "/Library/Preferences/VMware Fusion/config": No such file or directory.
2023-09-26T08:11:01.655Z In(05) vmx ----------------------------------------
2023-09-26T08:11:01.655Z In(05) vmx ConfigDB: Failed to load /Library/Preferences/VMware Fusion/config
2023-09-26T08:11:01.655Z In(05) vmx DictionaryLoad: Cannot open file "/dev/null/Non-existing DEFAULT_LIBDIRECTORY/config": Not a directory.
2023-09-26T08:11:01.655Z In(05) vmx Msg_Reset:
2023-09-26T08:11:01.655Z In(05) vmx [msg.dictionary.load.openFailed] Cannot open file "/dev/null/Non-existing DEFAULT_LIBDIRECTORY/config": Not a directory.
2023-09-26T08:11:01.655Z In(05) vmx ----------------------------------------
2023-09-26T08:11:01.655Z In(05) vmx ConfigDB: Failed to load /dev/null/Non-existing DEFAULT_LIBDIRECTORY/config
2023-09-26T08:11:01.655Z In(05) vmx DictionaryLoad: Cannot open file "/dev/null/Non-existing DEFAULT_LIBDIRECTORY/settings": Not a directory.
2023-09-26T08:11:01.655Z In(05) vmx Msg_Reset:
2023-09-26T08:11:01.655Z In(05) vmx [msg.dictionary.load.openFailed] Cannot open file "/dev/null/Non-existing DEFAULT_LIBDIRECTORY/settings": Not a directory.
2023-09-26T08:11:01.655Z In(05) vmx ----------------------------------------
2023-09-26T08:11:01.655Z In(05) vmx ConfigDB: Failed to load /dev/null/Non-existing DEFAULT_LIBDIRECTORY/settings
2023-09-26T08:11:01.655Z In(05) vmx DictionaryLoad: Cannot open file "/Users/joker/Library/Preferences/VMware Fusion/config": No such file or directory.
2023-09-26T08:11:01.655Z In(05) vmx Msg_Reset:
2023-09-26T08:11:01.655Z In(05) vmx [msg.dictionary.load.openFailed] Cannot open file "/Users/joker/Library/Preferences/VMware Fusion/config": No such file or directory.
2023-09-26T08:11:01.655Z In(05) vmx ----------------------------------------
2023-09-26T08:11:01.655Z In(05) vmx ConfigDB: Failed to load ~/Library/Preferences/VMware Fusion/config
2023-09-26T08:11:01.655Z In(05) vmx OBJLIB-LIB: Objlib initialized.
2023-09-26T08:11:01.655Z In(05) vmx DictionaryLoad: Cannot open file "/Library/Preferences/VMware Fusion/config": No such file or directory.
2023-09-26T08:11:01.655Z In(05) vmx [msg.dictionary.load.openFailed] Cannot open file "/Library/Preferences/VMware Fusion/config": No such file or directory.
2023-09-26T08:11:01.655Z In(05) vmx PREF Optional preferences file not found at /Library/Preferences/VMware Fusion/config. Using default values.
2023-09-26T08:11:01.655Z In(05) vmx DictionaryLoad: Cannot open file "/Applications/VMware Fusion.app/Contents/Library/settings": No such file or directory.
2023-09-26T08:11:01.655Z In(05) vmx [msg.dictionary.load.openFailed] Cannot open file "/Applications/VMware Fusion.app/Contents/Library/settings": No such file or directory.
2023-09-26T08:11:01.655Z In(05) vmx PREF Optional preferences file not found at /Applications/VMware Fusion.app/Contents/Library/settings. Using default values.
2023-09-26T08:11:01.655Z In(05) vmx DictionaryLoad: Cannot open file "/Applications/VMware Fusion.app/Contents/Library/config": No such file or directory.
2023-09-26T08:11:01.655Z In(05) vmx [msg.dictionary.load.openFailed] Cannot open file "/Applications/VMware Fusion.app/Contents/Library/config": No such file or directory.
2023-09-26T08:11:01.655Z In(05) vmx PREF Optional preferences file not found at /Applications/VMware Fusion.app/Contents/Library/config. Using default values.
2023-09-26T08:11:01.655Z In(05) vmx DictionaryLoad: Cannot open file "/Users/joker/Library/Preferences/VMware Fusion/config": No such file or directory.
2023-09-26T08:11:01.655Z In(05) vmx [msg.dictionary.load.openFailed] Cannot open file "/Users/joker/Library/Preferences/VMware Fusion/config": No such file or directory.
2023-09-26T08:11:01.655Z In(05) vmx PREF Optional preferences file not found at /Users/joker/Library/Preferences/VMware Fusion/config. Using default values.
2023-09-26T08:11:01.656Z In(05) vmx lib/ssl: OpenSSL using RAND_OpenSSL for RAND
2023-09-26T08:11:01.656Z In(05) vmx lib/ssl: protocol list tls1.2
2023-09-26T08:11:01.656Z In(05) vmx lib/ssl: protocol list tls1.2 (openssl flags 0x36000000)
2023-09-26T08:11:01.656Z In(05) vmx lib/ssl: cipher list ECDHE+AESGCM:RSA+AESGCM:ECDHE+AES:RSA+AES
2023-09-26T08:11:01.656Z In(05) vmx lib/ssl: curves list prime256v1:secp384r1:secp521r1
2023-09-26T08:11:01.657Z In(05) vmx Hostname=Jokers-MacBook-Pro-M2.local
2023-09-26T08:11:01.657Z In(05) vmx IP=127.0.0.1 (lo0)
2023-09-26T08:11:01.658Z In(05) vmx IP=::1 (lo0)
2023-09-26T08:11:01.658Z In(05) vmx IP=fe80::1 (lo0)
2023-09-26T08:11:01.658Z In(05) vmx IP=fe80::509a:aaff:fe07:7fe5 (anpi1)
2023-09-26T08:11:01.658Z In(05) vmx IP=fe80::509a:aaff:fe07:7fe4 (anpi0)
2023-09-26T08:11:01.658Z In(05) vmx IP=fe80::a4cf:99ff:fe93:f331 (ap1)
2023-09-26T08:11:01.658Z In(05) vmx IP=fe80::434:9ce1:9929:6bf2 (en0)
2023-09-26T08:11:01.658Z In(05) vmx IP=172.16.0.58 (en0)
2023-09-26T08:11:01.658Z In(05) vmx IP=fe80::4416:a3ff:fe79:fd7 (awdl0)
2023-09-26T08:11:01.658Z In(05) vmx IP=fe80::4416:a3ff:fe79:fd7 (llw0)
2023-09-26T08:11:01.658Z In(05) vmx IP=fe80::592e:e628:31a9:4b41 (utun0)
2023-09-26T08:11:01.658Z In(05) vmx IP=fe80::ce81:b1c:bd2c:69e (utun1)
2023-09-26T08:11:01.658Z In(05) vmx IP=fe80::cc58:6e44:c069:355b (utun2)
2023-09-26T08:11:01.658Z In(05) vmx IP=fe80::a5ea:6fa7:1dc6:4a06 (utun3)
2023-09-26T08:11:01.658Z In(05) vmx IP=fe80::d8c6:44de:57e2:14a1 (utun4)
2023-09-26T08:11:01.658Z In(05) vmx IP=198.19.249.3 (bridge100)
2023-09-26T08:11:01.658Z In(05) vmx IP=fe80::a4cf:99ff:fe39:e64 (bridge100)
2023-09-26T08:11:01.658Z In(05) vmx IP=fd07:b51a:cc66:0:a617:db5e:ab7:e9f1 (bridge100)
2023-09-26T08:11:01.658Z In(05) vmx IP=192.168.194.0 (bridge101)
2023-09-26T08:11:01.658Z In(05) vmx IP=fe80::a4cf:99ff:fe39:e65 (bridge101)
2023-09-26T08:11:01.658Z In(05) vmx IP=fd07:b51a:cc66:a:ffff:ffff:ffff:fffe (bridge101)
2023-09-26T08:11:01.658Z In(05) vmx IP=192.168.228.0 (bridge102)
2023-09-26T08:11:01.658Z In(05) vmx IP=fe80::a4cf:99ff:fe39:e66 (bridge102)
2023-09-26T08:11:01.658Z In(05) vmx System uptime 10522883024 us
2023-09-26T08:11:01.658Z In(05) vmx Command line: "/Applications/VMware Fusion.app/Contents/Library/vmware-vmx" "-s" "vmx.noUIBuildNumberCheck=TRUE" "-#" "product=1;name=vmrun;version=1.17.0;buildnumber=21581413;licensename=VMware Fusion for Mac OS;licenseversion=13.0;" "-@" "duplex=3;msgs=ui" "/Users/joker/Projects/joktec/joktec-docker/k8s/install-cluster/master/.vagrant/machines/default/vmware_desktop/f066fcdb-64c3-4a46-b250-97d6d2f43f84/centos-7-1-1.x86_64.vmx"
2023-09-26T08:11:01.658Z In(05) vmx Msg_SetLocaleEx: HostLocale=UTF-8 UserLocale=en
2023-09-26T08:11:01.658Z In(05) vmx DictionaryLoad: Cannot open file "/Applications/VMware Fusion.app/Contents/Library/messages/en/vmware.vmsg": No such file or directory.
2023-09-26T08:11:01.710Z In(05) vmx Duplex socket: 3
2023-09-26T08:11:01.720Z In(05) vmx WQPoolAllocPoll : pollIx = 1, signalHandle = 16
2023-09-26T08:11:01.721Z In(05) vmx WQPoolAllocPoll : pollIx = 2, signalHandle = 19
2023-09-26T08:11:01.721Z In(05) vmx VigorTransport listening on fd 20
2023-09-26T08:11:01.721Z In(05) vmx Vigor_Init 1
2023-09-26T08:11:01.721Z In(05) vmx Connecting 'ui' to fd '3' with user '(null)'
2023-09-26T08:11:01.721Z In(05) vmx VmdbAddConnection: cnxPath=/db/connection/#1/, cnxIx=1
2023-09-26T08:11:01.721Z In(05) vmx /Users/joker/Projects/joktec/joktec-docker/k8s/install-cluster/master/.vagrant/machines/default/vmware_desktop/f066fcdb-64c3-4a46-b250-97d6d2f43f84/centos-7-1-1.x86_64.vmx: Setup symlink /var/run/vmware/0f4bf3da9124683738d86cc7f1557143d2fdfea68552f2d0b021fa68ac4256ff -> /var/run/vmware/501/10522935224_19525
2023-09-26T08:11:01.721Z In(05) vmx Vix: [mainDispatch.c:488]: VMAutomation: Initializing VMAutomation.
2023-09-26T08:11:01.721Z In(05) vmx Vix: [mainDispatch.c:740]: VMAutomationOpenListenerSocket() listening
2023-09-26T08:11:01.724Z In(05) vmx Vix: [mainDispatch.c:4213]: VMAutomation_ReportPowerOpFinished: statevar=0, newAppState=1870, success=1 additionalError=0
2023-09-26T08:11:01.724Z In(05) vmx Transitioned vmx/execState/val to poweredOff
2023-09-26T08:11:01.724Z In(05) vmx Vix: [mainDispatch.c:4213]: VMAutomation_ReportPowerOpFinished: statevar=1, newAppState=1873, success=1 additionalError=0
2023-09-26T08:11:01.724Z In(05) vmx Vix: [mainDispatch.c:4213]: VMAutomation_ReportPowerOpFinished: statevar=2, newAppState=1877, success=1 additionalError=0
2023-09-26T08:11:01.724Z In(05) vmx Vix: [mainDispatch.c:4213]: VMAutomation_ReportPowerOpFinished: statevar=3, newAppState=1881, success=1 additionalError=0
2023-09-26T08:11:02.846Z In(05) vmx Services_Init: Successfully opened the services.
2023-09-26T08:11:02.846Z In(05) vmx FeatureCompat: No EVC masks.
2023-09-26T08:11:02.846Z In(05) vmx UTIL: Change file descriptor limit from soft 256,hard 4294967295 to soft 8192,hard 4294967295.
2023-09-26T08:11:02.846Z In(05) vmx Using 24000000 Hz
2023-09-26T08:11:02.846Z In(05) vmx PTSC: RefClockToPTSC 0 @ 24000000Hz -> 0 @ 24000000Hz
2023-09-26T08:11:02.846Z In(05) vmx PTSC: RefClockToPTSC ((x * 2147483648) >> 31) + 0
2023-09-26T08:11:02.847Z In(05) vmx PTSC: tscOffset 0
2023-09-26T08:11:02.847Z In(05) vmx PTSC: using reference clock
2023-09-26T08:11:02.847Z In(05) vmx PTSC: hardware TSCs are synchronized.
2023-09-26T08:11:02.847Z In(05) vmx PTSC: current PTSC=252577727394
2023-09-26T08:11:02.847Z In(05) vmx WQPoolAllocPoll : pollIx = 3, signalHandle = 26
2023-09-26T08:11:02.848Z In(05) vmx Current Display Settings:
2023-09-26T08:11:02.848Z In(05) vmx    Display: 0 size: 1680x1050 pixelSize: 3360x2100 position: (0, 0) Primary
2023-09-26T08:11:02.849Z In(05) vmx [10462C000-10536C000): /Applications/VMware Fusion.app/Contents/Library/vmware-vmx
2023-09-26T08:11:02.865Z In(05) vmx ConfigCheck: No rules file found. Checks are disabled.
2023-09-26T08:11:02.865Z In(05) vmx changing directory to /Users/joker/Projects/joktec/joktec-docker/k8s/install-cluster/master/.vagrant/machines/default/vmware_desktop/f066fcdb-64c3-4a46-b250-97d6d2f43f84/.
2023-09-26T08:11:02.865Z In(05) vmx Config file: /Users/joker/Projects/joktec/joktec-docker/k8s/install-cluster/master/.vagrant/machines/default/vmware_desktop/f066fcdb-64c3-4a46-b250-97d6d2f43f84/centos-7-1-1.x86_64.vmx
2023-09-26T08:11:02.865Z In(05) vmx Vix: [mainDispatch.c:4213]: VMAutomation_ReportPowerOpFinished: statevar=1, newAppState=1873, success=1 additionalError=0
2023-09-26T08:11:02.865Z In(05) vmx Vix: [mainDispatch.c:4213]: VMAutomation_ReportPowerOpFinished: statevar=2, newAppState=1878, success=1 additionalError=0
2023-09-26T08:11:02.874Z In(05) vmx VMXVmdbCbVmVmxExecState: Exec state change requested to state poweredOn without reset, default, softOptionTimeout: 0.
2023-09-26T08:11:02.874Z In(05) vmx Tools: sending 'OS_PowerOn' (state = 3) state change request
2023-09-26T08:11:02.874Z In(05) vmx Tools: Delaying state change request to state 3.
2023-09-26T08:11:02.874Z Wa(03) vmx PowerOn
2023-09-26T08:11:02.874Z In(05) vmx VMX_PowerOn: VMX build 21581413, UI build 21581413
2023-09-26T08:11:02.874Z In(05) vmx Processor affinity not supported on this host OS
2023-09-26T08:11:02.877Z In(05) vmx Vix: [mainDispatch.c:4213]: VMAutomation_ReportPowerOpFinished: statevar=0, newAppState=1871, success=1 additionalError=0
2023-09-26T08:11:02.877Z In(05) vmx VMXSTATS: Successfully created statsfile: centos-7-1-1.x86_64.scoreboard
2023-09-26T08:11:02.877Z In(05) vmx VMXSTATS: Update Product Information: vmrun	1.17.0	build-21581413	Release  TotalBlockSize: 64
2023-09-26T08:11:02.877Z In(05) vmx HOST sysname Darwin, nodename Jokers-MacBook-Pro-M2.local, release 22.6.0, version Darwin Kernel Version 22.6.0: Wed Jul  5 22:17:35 PDT 2023; root:xnu-8796.141.3~6/RELEASE_ARM64_T8112, machine arm64
2023-09-26T08:11:02.877Z In(05) vmx DICT --- GLOBAL SETTINGS /Applications/VMware Fusion.app/Contents/Library/settings
2023-09-26T08:11:02.877Z In(05) vmx DICT --- NON PERSISTENT (null)
2023-09-26T08:11:02.877Z In(05) vmx DICT --- USER PREFERENCES /Users/joker/Library/Preferences/VMware Fusion/preferences
2023-09-26T08:11:02.877Z In(05) vmx DICT pref.dataCollectionEnabled.epoch = ""
2023-09-26T08:11:02.877Z In(05) vmx DICT pref.dataCollectionEnabled = "TRUE"
2023-09-26T08:11:02.877Z In(05) vmx DICT pref.keyboardAndMouse.vmHotKey.enabled = "FALSE"
2023-09-26T08:11:02.877Z In(05) vmx DICT pref.keyboardAndMouse.vmHotKey.count = "0"
2023-09-26T08:11:02.877Z In(05) vmx DICT pref.keyboardAndMouse.defaultProfileKey = "52551f3a-89d4-a0f0-961b-c4997688d84c"
2023-09-26T08:11:02.877Z In(05) vmx DICT pref.keyboardAndMouse.maxProfiles = "4"
2023-09-26T08:11:02.877Z In(05) vmx DICT pref.keyboardAndMouse.profile0.profileKey = "5205cd5f-9fbd-2c6e-e817-79c464122ba8"
2023-09-26T08:11:02.877Z In(05) vmx DICT pref.keyboardAndMouse.profile0.profileName = "Windows 8 Profile"
2023-09-26T08:11:02.877Z In(05) vmx DICT pref.keyboardAndMouse.profile0.profileType = "windows8"
2023-09-26T08:11:02.877Z In(05) vmx DICT pref.keyboardAndMouse.profile0.enableOSShortcuts = "TRUE"
2023-09-26T08:11:02.877Z In(05) vmx DICT pref.keyboardAndMouse.profile0.enableKeyMappings = "TRUE"
2023-09-26T08:11:02.877Z In(05) vmx DICT pref.keyboardAndMouse.profile0.languageSpecificKeyMappingsEnabled = "TRUE"
2023-09-26T08:11:02.877Z In(05) vmx DICT pref.keyboardAndMouse.profile0.selectedLanguage = ""
2023-09-26T08:11:02.877Z In(05) vmx DICT pref.keyboardAndMouse.profile0.cmdKeyFilterType = "none"
2023-09-26T08:11:02.877Z In(05) vmx DICT pref.keyboardAndMouse.profile0.maxMappings = "33"
2023-09-26T08:11:02.877Z In(05) vmx DICT pref.keyboardAndMouse.profile0.mapping0.mappingKey = "0"
2023-09-26T08:11:02.877Z In(05) vmx DICT pref.keyboardAndMouse.profile0.mapping0.enabled = "TRUE"
2023-09-26T08:11:02.877Z In(05) vmx DICT pref.keyboardAndMouse.profile0.mapping0.fromHost = "GUI Z"
2023-09-26T08:11:02.877Z In(05) vmx DICT pref.keyboardAndMouse.profile0.mapping0.toGuest = "CONTROL Z"
2023-09-26T08:11:02.877Z In(05) vmx DICT pref.keyboardAndMouse.profile0.mapping1.mappingKey = "1"
2023-09-26T08:11:02.877Z In(05) vmx DICT pref.keyboardAndMouse.profile0.mapping1.enabled = "TRUE"
2023-09-26T08:11:02.877Z In(05) vmx DICT pref.keyboardAndMouse.profile0.mapping1.fromHost = "GUI X"
2023-09-26T08:11:02.877Z In(05) vmx DICT pref.keyboardAndMouse.profile0.mapping1.toGuest = "CONTROL X"
2023-09-26T08:11:02.877Z In(05) vmx DICT pref.keyboardAndMouse.profile0.mapping2.mappingKey = "2"
2023-09-26T08:11:02.877Z In(05) vmx DICT pref.keyboardAndMouse.profile0.mapping2.enabled = "TRUE"
2023-09-26T08:11:02.877Z In(05) vmx DICT pref.keyboardAndMouse.profile0.mapping2.fromHost = "GUI C"
2023-09-26T08:11:02.877Z In(05) vmx DICT pref.keyboardAndMouse.profile0.mapping2.toGuest = "CONTROL C"
2023-09-26T08:11:02.877Z In(05) vmx DICT pref.keyboardAndMouse.profile0.mapping3.mappingKey = "3"
2023-09-26T08:11:02.877Z In(05) vmx DICT pref.keyboardAndMouse.profile0.mapping3.enabled = "TRUE"
2023-09-26T08:11:02.877Z In(05) vmx DICT pref.keyboardAndMouse.profile0.mapping3.fromHost = "GUI V"
2023-09-26T08:11:02.877Z In(05) vmx DICT pref.keyboardAndMouse.profile0.mapping3.toGuest = "CONTROL V"
2023-09-26T08:11:02.877Z In(05) vmx DICT pref.keyboardAndMouse.profile0.mapping4.mappingKey = "4"
2023-09-26T08:11:02.877Z In(05) vmx DICT pref.keyboardAndMouse.profile0.mapping4.enabled = "TRUE"
2023-09-26T08:11:02.877Z In(05) vmx DICT pref.keyboardAndMouse.profile0.mapping4.fromHost = "GUI P"
2023-09-26T08:11:02.877Z In(05) vmx DICT pref.keyboardAndMouse.profile0.mapping4.toGuest = "CONTROL P"
2023-09-26T08:11:02.877Z In(05) vmx DICT pref.keyboardAndMouse.profile0.mapping5.mappingKey = "5"
2023-09-26T08:11:02.877Z In(05) vmx DICT pref.keyboardAndMouse.profile0.mapping5.enabled = "TRUE"
2023-09-26T08:11:02.877Z In(05) vmx DICT pref.keyboardAndMouse.profile0.mapping5.fromHost = "GUI A"
2023-09-26T08:11:02.877Z In(05) vmx DICT pref.keyboardAndMouse.profile0.mapping5.toGuest = "CONTROL A"
2023-09-26T08:11:02.877Z In(05) vmx DICT pref.keyboardAndMouse.profile0.mapping6.mappingKey = "6"
2023-09-26T08:11:02.877Z In(05) vmx DICT pref.keyboardAndMouse.profile0.mapping6.enabled = "TRUE"
2023-09-26T08:11:02.877Z In(05) vmx DICT pref.keyboardAndMouse.profile0.mapping6.fromHost = "GUI S"
2023-09-26T08:11:02.877Z In(05) vmx DICT pref.keyboardAndMouse.profile0.mapping6.toGuest = "CONTROL S"
2023-09-26T08:11:02.877Z In(05) vmx DICT pref.keyboardAndMouse.profile0.mapping7.mappingKey = "7"
2023-09-26T08:11:02.877Z In(05) vmx DICT pref.keyboardAndMouse.profile0.mapping7.enabled = "TRUE"
2023-09-26T08:11:02.877Z In(05) vmx DICT pref.keyboardAndMouse.profile0.mapping7.fromHost = "GUI F"
2023-09-26T08:11:02.877Z In(05) vmx DICT pref.keyboardAndMouse.profile0.mapping7.toGuest = "0x03d"
2023-09-26T08:11:02.877Z In(05) vmx DICT pref.keyboardAndMouse.profile0.mapping8.mappingKey = "8"
2023-09-26T08:11:02.877Z In(05) vmx DICT pref.keyboardAndMouse.profile0.mapping8.enabled = "TRUE"
2023-09-26T08:11:02.877Z In(05) vmx DICT pref.keyboardAndMouse.profile0.mapping8.fromHost = "GUI W"
2023-09-26T08:11:02.877Z In(05) vmx DICT pref.keyboardAndMouse.profile0.mapping8.toGuest = "ALT 0x03e"
2023-09-26T08:11:02.877Z In(05) vmx DICT pref.keyboardAndMouse.profile0.mapping9.mappingKey = "9"
2023-09-26T08:11:02.877Z In(05) vmx DICT pref.keyboardAndMouse.profile0.mapping9.enabled = "TRUE"
2023-09-26T08:11:02.877Z In(05) vmx DICT pref.keyboardAndMouse.profile0.mapping9.fromHost = "CONTROL ALT 0xe"
2023-09-26T08:11:02.877Z In(05) vmx DICT pref.keyboardAndMouse.profile0.mapping9.toGuest = "CONTROL ALT 0x153"
2023-09-26T08:11:02.877Z In(05) vmx DICT pref.keyboardAndMouse.profile0.mapping10.mappingKey = "10"
2023-09-26T08:11:02.877Z In(05) vmx DICT pref.keyboardAndMouse.profile0.mapping10.enabled = "FALSE"
2023-09-26T08:11:02.877Z In(05) vmx DICT pref.keyboardAndMouse.profile0.mapping10.fromHost = "0x11c"
2023-09-26T08:11:02.877Z In(05) vmx DICT pref.keyboardAndMouse.profile0.mapping10.toGuest = "0x138"
2023-09-26T08:11:02.877Z In(05) vmx DICT pref.keyboardAndMouse.profile0.mapping11.mappingKey = "11"
2023-09-26T08:11:02.877Z In(05) vmx DICT pref.keyboardAndMouse.profile0.mapping11.enabled = "TRUE"
2023-09-26T08:11:02.877Z In(05) vmx DICT pref.keyboardAndMouse.profile0.mapping11.fromHost = "GUI SHIFT C"
2023-09-26T08:11:02.877Z In(05) vmx DICT pref.keyboardAndMouse.profile0.mapping11.toGuest = "GUI C"
2023-09-26T08:11:02.877Z In(05) vmx DICT pref.keyboardAndMouse.profile0.mapping12.mappingKey = "12"
2023-09-26T08:11:02.877Z In(05) vmx DICT pref.keyboardAndMouse.profile0.mapping12.enabled = "TRUE"
2023-09-26T08:11:02.877Z In(05) vmx DICT pref.keyboardAndMouse.profile0.mapping12.fromHost = "GUI SHIFT H"
2023-09-26T08:11:02.877Z In(05) vmx DICT pref.keyboardAndMouse.profile0.mapping12.toGuest = "GUI H"
2023-09-26T08:11:02.877Z In(05) vmx DICT pref.keyboardAndMouse.profile0.mapping13.mappingKey = "13"
2023-09-26T08:11:02.877Z In(05) vmx DICT pref.keyboardAndMouse.profile0.mapping13.enabled = "TRUE"
2023-09-26T08:11:02.877Z In(05) vmx DICT pref.keyboardAndMouse.profile0.mapping13.fromHost = "GUI SHIFT M"
2023-09-26T08:11:02.877Z In(05) vmx DICT pref.keyboardAndMouse.profile0.mapping13.toGuest = "GUI M"
2023-09-26T08:11:02.877Z In(05) vmx DICT pref.keyboardAndMouse.profile0.mapping14.mappingKey = "14"
2023-09-26T08:11:02.877Z In(05) vmx DICT pref.keyboardAndMouse.profile0.mapping14.enabled = "TRUE"
2023-09-26T08:11:02.877Z In(05) vmx DICT pref.keyboardAndMouse.profile0.mapping14.fromHost = "GUI SHIFT P"
2023-09-26T08:11:02.877Z In(05) vmx DICT pref.keyboardAndMouse.profile0.mapping14.toGuest = "GUI P"
2023-09-26T08:11:02.877Z In(05) vmx DICT pref.keyboardAndMouse.profile0.mapping15.mappingKey = "15"
2023-09-26T08:11:02.877Z In(05) vmx DICT pref.keyboardAndMouse.profile0.mapping15.enabled = "TRUE"
2023-09-26T08:11:02.877Z In(05) vmx DICT pref.keyboardAndMouse.profile0.mapping15.fromHost = "GUI SHIFT F"
2023-09-26T08:11:02.877Z In(05) vmx DICT pref.keyboardAndMouse.profile0.mapping15.toGuest = "GUI Q"
2023-09-26T08:11:02.877Z In(05) vmx DICT pref.keyboardAndMouse.profile0.mapping16.mappingKey = "16"
2023-09-26T08:11:02.877Z In(05) vmx DICT pref.keyboardAndMouse.profile0.mapping16.enabled = "TRUE"
2023-09-26T08:11:02.877Z In(05) vmx DICT pref.keyboardAndMouse.profile0.mapping16.fromHost = "GUI SHIFT V"
2023-09-26T08:11:02.877Z In(05) vmx DICT pref.keyboardAndMouse.profile0.mapping16.toGuest = "GUI V"
2023-09-26T08:11:02.877Z In(05) vmx DICT pref.keyboardAndMouse.profile0.mapping17.mappingKey = "17"
2023-09-26T08:11:02.877Z In(05) vmx DICT pref.keyboardAndMouse.profile0.mapping17.enabled = "TRUE"
2023-09-26T08:11:02.877Z In(05) vmx DICT pref.keyboardAndMouse.profile0.mapping17.fromHost = "GUI SHIFT W"
2023-09-26T08:11:02.877Z In(05) vmx DICT pref.keyboardAndMouse.profile0.mapping17.toGuest = "GUI W"
2023-09-26T08:11:02.877Z In(05) vmx DICT pref.keyboardAndMouse.profile0.mapping18.mappingKey = "18"
2023-09-26T08:11:02.877Z In(05) vmx DICT pref.keyboardAndMouse.profile0.mapping18.enabled = "TRUE"
2023-09-26T08:11:02.877Z In(05) vmx DICT pref.keyboardAndMouse.profile0.mapping18.fromHost = "GUI SHIFT X"
2023-09-26T08:11:02.877Z In(05) vmx DICT pref.keyboardAndMouse.profile0.mapping18.toGuest = "GUI X"
2023-09-26T08:11:02.877Z In(05) vmx DICT pref.keyboardAndMouse.profile0.mapping19.mappingKey = "19"
2023-09-26T08:11:02.877Z In(05) vmx DICT pref.keyboardAndMouse.profile0.mapping19.enabled = "TRUE"
2023-09-26T08:11:02.877Z In(05) vmx DICT pref.keyboardAndMouse.profile0.mapping19.fromHost = "GUI SHIFT Z"
2023-09-26T08:11:02.877Z In(05) vmx DICT pref.keyboardAndMouse.profile0.mapping19.toGuest = "GUI Z"
2023-09-26T08:11:02.877Z In(05) vmx DICT pref.keyboardAndMouse.profile0.mapping20.mappingKey = "20"
2023-09-26T08:11:02.877Z In(05) vmx DICT pref.keyboardAndMouse.profile0.mapping20.enabled = "TRUE"
2023-09-26T08:11:02.877Z In(05) vmx DICT pref.keyboardAndMouse.profile0.mapping20.fromHost = "Mouse1 Control"
2023-09-26T08:11:02.877Z In(05) vmx DICT pref.keyboardAndMouse.profile0.mapping20.toGuest = "Mouse2"
2023-09-26T08:11:02.877Z In(05) vmx DICT pref.keyboardAndMouse.profile0.mapping21.mappingKey = "21"
2023-09-26T08:11:02.877Z In(05) vmx DICT pref.keyboardAndMouse.profile0.mapping21.enabled = "TRUE"
2023-09-26T08:11:02.877Z In(05) vmx DICT pref.keyboardAndMouse.profile0.mapping21.fromHost = "Mouse1 GUI"
2023-09-26T08:11:02.877Z In(05) vmx DICT pref.keyboardAndMouse.profile0.mapping21.toGuest = "Mouse3"
2023-09-26T08:11:02.877Z In(05) vmx DICT pref.keyboardAndMouse.profile0.mapping22.mappingKey = "22"
2023-09-26T08:11:02.877Z In(05) vmx DICT pref.keyboardAndMouse.profile0.mapping22.enabled = "TRUE"
2023-09-26T08:11:02.877Z In(05) vmx DICT pref.keyboardAndMouse.profile0.mapping22.fromHost = "GUI CONTROL"
2023-09-26T08:11:02.877Z In(05) vmx DICT pref.keyboardAndMouse.profile0.mapping22.toGuest = "Ungrab"
2023-09-26T08:11:02.877Z In(05) vmx DICT pref.keyboardAndMouse.profile0.mapping23.mappingKey = "23"
2023-09-26T08:11:02.877Z In(05) vmx DICT pref.keyboardAndMouse.profile0.mapping23.enabled = "TRUE"
2023-09-26T08:11:02.877Z In(05) vmx DICT pref.keyboardAndMouse.profile0.mapping23.fromHost = "GUI CONTROL F"
2023-09-26T08:11:02.877Z In(05) vmx DICT pref.keyboardAndMouse.profile0.mapping23.toGuest = "Fullscreen"
2023-09-26T08:11:02.877Z In(05) vmx DICT pref.keyboardAndMouse.profile0.mapping24.mappingKey = "24"
2023-09-26T08:11:02.877Z In(05) vmx DICT pref.keyboardAndMouse.profile0.mapping24.enabled = "TRUE"
2023-09-26T08:11:02.877Z In(05) vmx DICT pref.keyboardAndMouse.profile0.mapping24.fromHost = "GUI SHIFT U"
2023-09-26T08:11:02.877Z In(05) vmx DICT pref.keyboardAndMouse.profile0.mapping24.toGuest = "Unity"
2023-09-26T08:11:02.877Z In(05) vmx DICT pref.keyboardAndMouse.profile0.mapping25.mappingKey = "25"
2023-09-26T08:11:02.877Z In(05) vmx DICT pref.keyboardAndMouse.profile0.mapping25.enabled = "TRUE"
2023-09-26T08:11:02.877Z In(05) vmx DICT pref.keyboardAndMouse.profile0.mapping25.fromHost = "GUI CONTROL S"
2023-09-26T08:11:02.877Z In(05) vmx DICT pref.keyboardAndMouse.profile0.mapping25.toGuest = "SingleWindow"
2023-09-26T08:11:02.877Z In(05) vmx DICT pref.keyboardAndMouse.profile0.mapping26.mappingKey = "26"
2023-09-26T08:11:02.877Z In(05) vmx DICT pref.keyboardAndMouse.profile0.mapping26.enabled = "TRUE"
2023-09-26T08:11:02.877Z In(05) vmx DICT pref.keyboardAndMouse.profile0.mapping26.fromHost = "GUI 0x029"
2023-09-26T08:11:02.877Z In(05) vmx DICT pref.keyboardAndMouse.profile0.mapping26.toGuest = "CycleWindow"
2023-09-26T08:11:02.877Z In(05) vmx DICT pref.keyboardAndMouse.profile0.mapping27.mappingKey = "27"
2023-09-26T08:11:02.877Z In(05) vmx DICT pref.keyboardAndMouse.profile0.mapping27.enabled = "TRUE"
2023-09-26T08:11:02.877Z In(05) vmx DICT pref.keyboardAndMouse.profile0.mapping27.fromHost = "GUI SHIFT 0x029"
2023-09-26T08:11:02.877Z In(05) vmx DICT pref.keyboardAndMouse.profile0.mapping27.toGuest = "CycleWindowReverse"
2023-09-26T08:11:02.877Z In(05) vmx DICT pref.keyboardAndMouse.profile0.mapping28.mappingKey = "28"
2023-09-26T08:11:02.877Z In(05) vmx DICT pref.keyboardAndMouse.profile0.mapping28.enabled = "TRUE"
2023-09-26T08:11:02.877Z In(05) vmx DICT pref.keyboardAndMouse.profile0.mapping28.fromHost = "GUI H"
2023-09-26T08:11:02.877Z In(05) vmx DICT pref.keyboardAndMouse.profile0.mapping28.toGuest = "HideApplication"
2023-09-26T08:11:02.877Z In(05) vmx DICT pref.keyboardAndMouse.profile0.mapping29.mappingKey = "29"
2023-09-26T08:11:02.877Z In(05) vmx DICT pref.keyboardAndMouse.profile0.mapping29.enabled = "TRUE"
2023-09-26T08:11:02.877Z In(05) vmx DICT pref.keyboardAndMouse.profile0.mapping29.fromHost = "GUI M"
2023-09-26T08:11:02.877Z In(05) vmx DICT pref.keyboardAndMouse.profile0.mapping29.toGuest = "MinimizeWindow"
2023-09-26T08:11:02.877Z In(05) vmx DICT pref.keyboardAndMouse.profile0.mapping30.mappingKey = "30"
2023-09-26T08:11:02.877Z In(05) vmx DICT pref.keyboardAndMouse.profile0.mapping30.enabled = "TRUE"
2023-09-26T08:11:02.877Z In(05) vmx DICT pref.keyboardAndMouse.profile0.mapping30.fromHost = "GUI Q"
2023-09-26T08:11:02.877Z In(05) vmx DICT pref.keyboardAndMouse.profile0.mapping30.toGuest = "Quit"
2023-09-26T08:11:02.877Z In(05) vmx DICT pref.keyboardAndMouse.profile0.mapping31.mappingKey = "31"
2023-09-26T08:11:02.877Z In(05) vmx DICT pref.keyboardAndMouse.profile0.mapping31.enabled = "TRUE"
2023-09-26T08:11:02.877Z In(05) vmx DICT pref.keyboardAndMouse.profile0.mapping31.fromHost = "GUI ALT SHIFT M"
2023-09-26T08:11:02.877Z In(05) vmx DICT pref.keyboardAndMouse.profile0.mapping31.toGuest = "ToggleHideMenu"
2023-09-26T08:11:02.877Z In(05) vmx DICT pref.keyboardAndMouse.profile0.mapping32.mappingKey = "32"
2023-09-26T08:11:02.877Z In(05) vmx DICT pref.keyboardAndMouse.profile0.mapping32.enabled = "FALSE"
2023-09-26T08:11:02.877Z In(05) vmx DICT pref.keyboardAndMouse.profile0.mapping32.fromHost = "GUI E"
2023-09-26T08:11:02.877Z In(05) vmx DICT pref.keyboardAndMouse.profile0.mapping32.toGuest = "Settings"
2023-09-26T08:11:02.877Z In(05) vmx DICT pref.keyboardAndMouse.profile1.profileKey = "52551f3a-89d4-a0f0-961b-c4997688d84c"
2023-09-26T08:11:02.877Z In(05) vmx DICT pref.keyboardAndMouse.profile1.profileName = "Profile"
2023-09-26T08:11:02.877Z In(05) vmx DICT pref.keyboardAndMouse.profile1.profileType = "standard"
2023-09-26T08:11:02.877Z In(05) vmx DICT pref.keyboardAndMouse.profile1.enableOSShortcuts = "TRUE"
2023-09-26T08:11:02.877Z In(05) vmx DICT pref.keyboardAndMouse.profile1.enableKeyMappings = "TRUE"
2023-09-26T08:11:02.877Z In(05) vmx DICT pref.keyboardAndMouse.profile1.languageSpecificKeyMappingsEnabled = "TRUE"
2023-09-26T08:11:02.877Z In(05) vmx DICT pref.keyboardAndMouse.profile1.selectedLanguage = ""
2023-09-26T08:11:02.877Z In(05) vmx DICT pref.keyboardAndMouse.profile1.cmdKeyFilterType = "none"
2023-09-26T08:11:02.877Z In(05) vmx DICT pref.keyboardAndMouse.profile1.maxMappings = "25"
2023-09-26T08:11:02.877Z In(05) vmx DICT pref.keyboardAndMouse.profile1.mapping0.mappingKey = "0"
2023-09-26T08:11:02.877Z In(05) vmx DICT pref.keyboardAndMouse.profile1.mapping0.enabled = "TRUE"
2023-09-26T08:11:02.877Z In(05) vmx DICT pref.keyboardAndMouse.profile1.mapping0.fromHost = "GUI Z"
2023-09-26T08:11:02.877Z In(05) vmx DICT pref.keyboardAndMouse.profile1.mapping0.toGuest = "CONTROL Z"
2023-09-26T08:11:02.877Z In(05) vmx DICT pref.keyboardAndMouse.profile1.mapping1.mappingKey = "1"
2023-09-26T08:11:02.877Z In(05) vmx DICT pref.keyboardAndMouse.profile1.mapping1.enabled = "TRUE"
2023-09-26T08:11:02.877Z In(05) vmx DICT pref.keyboardAndMouse.profile1.mapping1.fromHost = "GUI X"
2023-09-26T08:11:02.877Z In(05) vmx DICT pref.keyboardAndMouse.profile1.mapping1.toGuest = "CONTROL X"
2023-09-26T08:11:02.877Z In(05) vmx DICT pref.keyboardAndMouse.profile1.mapping2.mappingKey = "2"
2023-09-26T08:11:02.877Z In(05) vmx DICT pref.keyboardAndMouse.profile1.mapping2.enabled = "TRUE"
2023-09-26T08:11:02.877Z In(05) vmx DICT pref.keyboardAndMouse.profile1.mapping2.fromHost = "GUI C"
2023-09-26T08:11:02.877Z In(05) vmx DICT pref.keyboardAndMouse.profile1.mapping2.toGuest = "CONTROL C"
2023-09-26T08:11:02.877Z In(05) vmx DICT pref.keyboardAndMouse.profile1.mapping3.mappingKey = "3"
2023-09-26T08:11:02.877Z In(05) vmx DICT pref.keyboardAndMouse.profile1.mapping3.enabled = "TRUE"
2023-09-26T08:11:02.877Z In(05) vmx DICT pref.keyboardAndMouse.profile1.mapping3.fromHost = "GUI V"
2023-09-26T08:11:02.877Z In(05) vmx DICT pref.keyboardAndMouse.profile1.mapping3.toGuest = "CONTROL V"
2023-09-26T08:11:02.877Z In(05) vmx DICT pref.keyboardAndMouse.profile1.mapping4.mappingKey = "4"
2023-09-26T08:11:02.877Z In(05) vmx DICT pref.keyboardAndMouse.profile1.mapping4.enabled = "TRUE"
2023-09-26T08:11:02.877Z In(05) vmx DICT pref.keyboardAndMouse.profile1.mapping4.fromHost = "GUI P"
2023-09-26T08:11:02.877Z In(05) vmx DICT pref.keyboardAndMouse.profile1.mapping4.toGuest = "CONTROL P"
2023-09-26T08:11:02.877Z In(05) vmx DICT pref.keyboardAndMouse.profile1.mapping5.mappingKey = "5"
2023-09-26T08:11:02.877Z In(05) vmx DICT pref.keyboardAndMouse.profile1.mapping5.enabled = "TRUE"
2023-09-26T08:11:02.877Z In(05) vmx DICT pref.keyboardAndMouse.profile1.mapping5.fromHost = "GUI A"
2023-09-26T08:11:02.877Z In(05) vmx DICT pref.keyboardAndMouse.profile1.mapping5.toGuest = "CONTROL A"
2023-09-26T08:11:02.877Z In(05) vmx DICT pref.keyboardAndMouse.profile1.mapping6.mappingKey = "6"
2023-09-26T08:11:02.877Z In(05) vmx DICT pref.keyboardAndMouse.profile1.mapping6.enabled = "TRUE"
2023-09-26T08:11:02.877Z In(05) vmx DICT pref.keyboardAndMouse.profile1.mapping6.fromHost = "GUI S"
2023-09-26T08:11:02.877Z In(05) vmx DICT pref.keyboardAndMouse.profile1.mapping6.toGuest = "CONTROL S"
2023-09-26T08:11:02.877Z In(05) vmx DICT pref.keyboardAndMouse.profile1.mapping7.mappingKey = "7"
2023-09-26T08:11:02.877Z In(05) vmx DICT pref.keyboardAndMouse.profile1.mapping7.enabled = "TRUE"
2023-09-26T08:11:02.877Z In(05) vmx DICT pref.keyboardAndMouse.profile1.mapping7.fromHost = "GUI F"
2023-09-26T08:11:02.877Z In(05) vmx DICT pref.keyboardAndMouse.profile1.mapping7.toGuest = "0x03d"
2023-09-26T08:11:02.877Z In(05) vmx DICT pref.keyboardAndMouse.profile1.mapping8.mappingKey = "8"
2023-09-26T08:11:02.877Z In(05) vmx DICT pref.keyboardAndMouse.profile1.mapping8.enabled = "TRUE"
2023-09-26T08:11:02.877Z In(05) vmx DICT pref.keyboardAndMouse.profile1.mapping8.fromHost = "GUI W"
2023-09-26T08:11:02.877Z In(05) vmx DICT pref.keyboardAndMouse.profile1.mapping8.toGuest = "ALT 0x03e"
2023-09-26T08:11:02.877Z In(05) vmx DICT pref.keyboardAndMouse.profile1.mapping9.mappingKey = "9"
2023-09-26T08:11:02.877Z In(05) vmx DICT pref.keyboardAndMouse.profile1.mapping9.enabled = "TRUE"
2023-09-26T08:11:02.877Z In(05) vmx DICT pref.keyboardAndMouse.profile1.mapping9.fromHost = "CONTROL ALT 0xe"
2023-09-26T08:11:02.877Z In(05) vmx DICT pref.keyboardAndMouse.profile1.mapping9.toGuest = "CONTROL ALT 0x153"
2023-09-26T08:11:02.877Z In(05) vmx DICT pref.keyboardAndMouse.profile1.mapping10.mappingKey = "10"
2023-09-26T08:11:02.877Z In(05) vmx DICT pref.keyboardAndMouse.profile1.mapping10.enabled = "FALSE"
2023-09-26T08:11:02.877Z In(05) vmx DICT pref.keyboardAndMouse.profile1.mapping10.fromHost = "0x11c"
2023-09-26T08:11:02.877Z In(05) vmx DICT pref.keyboardAndMouse.profile1.mapping10.toGuest = "0x138"
2023-09-26T08:11:02.877Z In(05) vmx DICT pref.keyboardAndMouse.profile1.mapping11.mappingKey = "11"
2023-09-26T08:11:02.877Z In(05) vmx DICT pref.keyboardAndMouse.profile1.mapping11.enabled = "TRUE"
2023-09-26T08:11:02.877Z In(05) vmx DICT pref.keyboardAndMouse.profile1.mapping11.fromHost = "Mouse1 Control"
2023-09-26T08:11:02.877Z In(05) vmx DICT pref.keyboardAndMouse.profile1.mapping11.toGuest = "Mouse2"
2023-09-26T08:11:02.877Z In(05) vmx DICT pref.keyboardAndMouse.profile1.mapping12.mappingKey = "12"
2023-09-26T08:11:02.877Z In(05) vmx DICT pref.keyboardAndMouse.profile1.mapping12.enabled = "TRUE"
2023-09-26T08:11:02.877Z In(05) vmx DICT pref.keyboardAndMouse.profile1.mapping12.fromHost = "Mouse1 GUI"
2023-09-26T08:11:02.877Z In(05) vmx DICT pref.keyboardAndMouse.profile1.mapping12.toGuest = "Mouse3"
2023-09-26T08:11:02.877Z In(05) vmx DICT pref.keyboardAndMouse.profile1.mapping13.mappingKey = "13"
2023-09-26T08:11:02.877Z In(05) vmx DICT pref.keyboardAndMouse.profile1.mapping13.enabled = "TRUE"
2023-09-26T08:11:02.877Z In(05) vmx DICT pref.keyboardAndMouse.profile1.mapping13.fromHost = "GUI CONTROL"
2023-09-26T08:11:02.877Z In(05) vmx DICT pref.keyboardAndMouse.profile1.mapping13.toGuest = "Ungrab"
2023-09-26T08:11:02.877Z In(05) vmx DICT pref.keyboardAndMouse.profile1.mapping14.mappingKey = "14"
2023-09-26T08:11:02.877Z In(05) vmx DICT pref.keyboardAndMouse.profile1.mapping14.enabled = "TRUE"
2023-09-26T08:11:02.877Z In(05) vmx DICT pref.keyboardAndMouse.profile1.mapping14.fromHost = "GUI CONTROL F"
2023-09-26T08:11:02.877Z In(05) vmx DICT pref.keyboardAndMouse.profile1.mapping14.toGuest = "Fullscreen"
2023-09-26T08:11:02.877Z In(05) vmx DICT pref.keyboardAndMouse.profile1.mapping15.mappingKey = "15"
2023-09-26T08:11:02.877Z In(05) vmx DICT pref.keyboardAndMouse.profile1.mapping15.enabled = "TRUE"
2023-09-26T08:11:02.877Z In(05) vmx DICT pref.keyboardAndMouse.profile1.mapping15.fromHost = "GUI CONTROL U"
2023-09-26T08:11:02.877Z In(05) vmx DICT pref.keyboardAndMouse.profile1.mapping15.toGuest = "Unity"
2023-09-26T08:11:02.877Z In(05) vmx DICT pref.keyboardAndMouse.profile1.mapping16.mappingKey = "16"
2023-09-26T08:11:02.877Z In(05) vmx DICT pref.keyboardAndMouse.profile1.mapping16.enabled = "TRUE"
2023-09-26T08:11:02.877Z In(05) vmx DICT pref.keyboardAndMouse.profile1.mapping16.fromHost = "GUI SHIFT U"
2023-09-26T08:11:02.877Z In(05) vmx DICT pref.keyboardAndMouse.profile1.mapping16.toGuest = "Unity"
2023-09-26T08:11:02.877Z In(05) vmx DICT pref.keyboardAndMouse.profile1.mapping17.mappingKey = "17"
2023-09-26T08:11:02.877Z In(05) vmx DICT pref.keyboardAndMouse.profile1.mapping17.enabled = "TRUE"
2023-09-26T08:11:02.877Z In(05) vmx DICT pref.keyboardAndMouse.profile1.mapping17.fromHost = "GUI CONTROL S"
2023-09-26T08:11:02.877Z In(05) vmx DICT pref.keyboardAndMouse.profile1.mapping17.toGuest = "SingleWindow"
2023-09-26T08:11:02.877Z In(05) vmx DICT pref.keyboardAndMouse.profile1.mapping18.mappingKey = "18"
2023-09-26T08:11:02.877Z In(05) vmx DICT pref.keyboardAndMouse.profile1.mapping18.enabled = "TRUE"
2023-09-26T08:11:02.877Z In(05) vmx DICT pref.keyboardAndMouse.profile1.mapping18.fromHost = "GUI 0x029"
2023-09-26T08:11:02.877Z In(05) vmx DICT pref.keyboardAndMouse.profile1.mapping18.toGuest = "CycleWindow"
2023-09-26T08:11:02.877Z In(05) vmx DICT pref.keyboardAndMouse.profile1.mapping19.mappingKey = "19"
2023-09-26T08:11:02.877Z In(05) vmx DICT pref.keyboardAndMouse.profile1.mapping19.enabled = "TRUE"
2023-09-26T08:11:02.877Z In(05) vmx DICT pref.keyboardAndMouse.profile1.mapping19.fromHost = "GUI SHIFT 0x029"
2023-09-26T08:11:02.877Z In(05) vmx DICT pref.keyboardAndMouse.profile1.mapping19.toGuest = "CycleWindowReverse"
2023-09-26T08:11:02.877Z In(05) vmx DICT pref.keyboardAndMouse.profile1.mapping20.mappingKey = "20"
2023-09-26T08:11:02.877Z In(05) vmx DICT pref.keyboardAndMouse.profile1.mapping20.enabled = "TRUE"
2023-09-26T08:11:02.877Z In(05) vmx DICT pref.keyboardAndMouse.profile1.mapping20.fromHost = "GUI H"
2023-09-26T08:11:02.877Z In(05) vmx DICT pref.keyboardAndMouse.profile1.mapping20.toGuest = "HideApplication"
2023-09-26T08:11:02.877Z In(05) vmx DICT pref.keyboardAndMouse.profile1.mapping21.mappingKey = "21"
2023-09-26T08:11:02.877Z In(05) vmx DICT pref.keyboardAndMouse.profile1.mapping21.enabled = "TRUE"
2023-09-26T08:11:02.877Z In(05) vmx DICT pref.keyboardAndMouse.profile1.mapping21.fromHost = "GUI M"
2023-09-26T08:11:02.877Z In(05) vmx DICT pref.keyboardAndMouse.profile1.mapping21.toGuest = "MinimizeWindow"
2023-09-26T08:11:02.877Z In(05) vmx DICT pref.keyboardAndMouse.profile1.mapping22.mappingKey = "22"
2023-09-26T08:11:02.877Z In(05) vmx DICT pref.keyboardAndMouse.profile1.mapping22.enabled = "TRUE"
2023-09-26T08:11:02.877Z In(05) vmx DICT pref.keyboardAndMouse.profile1.mapping22.fromHost = "GUI Q"
2023-09-26T08:11:02.877Z In(05) vmx DICT pref.keyboardAndMouse.profile1.mapping22.toGuest = "Quit"
2023-09-26T08:11:02.877Z In(05) vmx DICT pref.keyboardAndMouse.profile1.mapping23.mappingKey = "23"
2023-09-26T08:11:02.877Z In(05) vmx DICT pref.keyboardAndMouse.profile1.mapping23.enabled = "TRUE"
2023-09-26T08:11:02.877Z In(05) vmx DICT pref.keyboardAndMouse.profile1.mapping23.fromHost = "GUI SHIFT M"
2023-09-26T08:11:02.877Z In(05) vmx DICT pref.keyboardAndMouse.profile1.mapping23.toGuest = "ToggleHideMenu"
2023-09-26T08:11:02.877Z In(05) vmx DICT pref.keyboardAndMouse.profile1.mapping24.mappingKey = "24"
2023-09-26T08:11:02.877Z In(05) vmx DICT pref.keyboardAndMouse.profile1.mapping24.enabled = "FALSE"
2023-09-26T08:11:02.877Z In(05) vmx DICT pref.keyboardAndMouse.profile1.mapping24.fromHost = "GUI E"
2023-09-26T08:11:02.877Z In(05) vmx DICT pref.keyboardAndMouse.profile1.mapping24.toGuest = "Settings"
2023-09-26T08:11:02.877Z In(05) vmx DICT pref.keyboardAndMouse.profile2.profileKey = "52b97ae1-dc7d-f514-5c23-79d244276fc3"
2023-09-26T08:11:02.877Z In(05) vmx DICT pref.keyboardAndMouse.profile2.profileName = "Mac Profile"
2023-09-26T08:11:02.877Z In(05) vmx DICT pref.keyboardAndMouse.profile2.profileType = "mac"
2023-09-26T08:11:02.877Z In(05) vmx DICT pref.keyboardAndMouse.profile2.enableOSShortcuts = "FALSE"
2023-09-26T08:11:02.877Z In(05) vmx DICT pref.keyboardAndMouse.profile2.enableKeyMappings = "TRUE"
2023-09-26T08:11:02.877Z In(05) vmx DICT pref.keyboardAndMouse.profile2.languageSpecificKeyMappingsEnabled = "FALSE"
2023-09-26T08:11:02.877Z In(05) vmx DICT pref.keyboardAndMouse.profile2.selectedLanguage = ""
2023-09-26T08:11:02.877Z In(05) vmx DICT pref.keyboardAndMouse.profile2.cmdKeyFilterType = "none"
2023-09-26T08:11:02.877Z In(05) vmx DICT pref.keyboardAndMouse.profile2.maxMappings = "14"
2023-09-26T08:11:02.877Z In(05) vmx DICT pref.keyboardAndMouse.profile2.mapping0.mappingKey = "0"
2023-09-26T08:11:02.877Z In(05) vmx DICT pref.keyboardAndMouse.profile2.mapping0.enabled = "FALSE"
2023-09-26T08:11:02.877Z In(05) vmx DICT pref.keyboardAndMouse.profile2.mapping0.fromHost = "Mouse1 Control"
2023-09-26T08:11:02.877Z In(05) vmx DICT pref.keyboardAndMouse.profile2.mapping0.toGuest = "Mouse2"
2023-09-26T08:11:02.877Z In(05) vmx DICT pref.keyboardAndMouse.profile2.mapping1.mappingKey = "1"
2023-09-26T08:11:02.877Z In(05) vmx DICT pref.keyboardAndMouse.profile2.mapping1.enabled = "FALSE"
2023-09-26T08:11:02.877Z In(05) vmx DICT pref.keyboardAndMouse.profile2.mapping1.fromHost = "Mouse1 GUI"
2023-09-26T08:11:02.877Z In(05) vmx DICT pref.keyboardAndMouse.profile2.mapping1.toGuest = "Mouse3"
2023-09-26T08:11:02.877Z In(05) vmx DICT pref.keyboardAndMouse.profile2.mapping2.mappingKey = "2"
2023-09-26T08:11:02.877Z In(05) vmx DICT pref.keyboardAndMouse.profile2.mapping2.enabled = "TRUE"
2023-09-26T08:11:02.877Z In(05) vmx DICT pref.keyboardAndMouse.profile2.mapping2.fromHost = "GUI CONTROL"
2023-09-26T08:11:02.877Z In(05) vmx DICT pref.keyboardAndMouse.profile2.mapping2.toGuest = "Ungrab"
2023-09-26T08:11:02.878Z In(05) vmx DICT pref.keyboardAndMouse.profile2.mapping3.mappingKey = "3"
2023-09-26T08:11:02.878Z In(05) vmx DICT pref.keyboardAndMouse.profile2.mapping3.enabled = "TRUE"
2023-09-26T08:11:02.878Z In(05) vmx DICT pref.keyboardAndMouse.profile2.mapping3.fromHost = "GUI CONTROL F"
2023-09-26T08:11:02.878Z In(05) vmx DICT pref.keyboardAndMouse.profile2.mapping3.toGuest = "Fullscreen"
2023-09-26T08:11:02.878Z In(05) vmx DICT pref.keyboardAndMouse.profile2.mapping4.mappingKey = "4"
2023-09-26T08:11:02.878Z In(05) vmx DICT pref.keyboardAndMouse.profile2.mapping4.enabled = "FALSE"
2023-09-26T08:11:02.878Z In(05) vmx DICT pref.keyboardAndMouse.profile2.mapping4.fromHost = "GUI CONTROL U"
2023-09-26T08:11:02.878Z In(05) vmx DICT pref.keyboardAndMouse.profile2.mapping4.toGuest = "Unity"
2023-09-26T08:11:02.878Z In(05) vmx DICT pref.keyboardAndMouse.profile2.mapping5.mappingKey = "5"
2023-09-26T08:11:02.878Z In(05) vmx DICT pref.keyboardAndMouse.profile2.mapping5.enabled = "FALSE"
2023-09-26T08:11:02.878Z In(05) vmx DICT pref.keyboardAndMouse.profile2.mapping5.fromHost = "GUI SHIFT U"
2023-09-26T08:11:02.878Z In(05) vmx DICT pref.keyboardAndMouse.profile2.mapping5.toGuest = "Unity"
2023-09-26T08:11:02.878Z In(05) vmx DICT pref.keyboardAndMouse.profile2.mapping6.mappingKey = "6"
2023-09-26T08:11:02.878Z In(05) vmx DICT pref.keyboardAndMouse.profile2.mapping6.enabled = "TRUE"
2023-09-26T08:11:02.878Z In(05) vmx DICT pref.keyboardAndMouse.profile2.mapping6.fromHost = "GUI CONTROL S"
2023-09-26T08:11:02.878Z In(05) vmx DICT pref.keyboardAndMouse.profile2.mapping6.toGuest = "SingleWindow"
2023-09-26T08:11:02.878Z In(05) vmx DICT pref.keyboardAndMouse.profile2.mapping7.mappingKey = "7"
2023-09-26T08:11:02.878Z In(05) vmx DICT pref.keyboardAndMouse.profile2.mapping7.enabled = "FALSE"
2023-09-26T08:11:02.878Z In(05) vmx DICT pref.keyboardAndMouse.profile2.mapping7.fromHost = "GUI 0x029"
2023-09-26T08:11:02.878Z In(05) vmx DICT pref.keyboardAndMouse.profile2.mapping7.toGuest = "CycleWindow"
2023-09-26T08:11:02.878Z In(05) vmx DICT pref.keyboardAndMouse.profile2.mapping8.mappingKey = "8"
2023-09-26T08:11:02.878Z In(05) vmx DICT pref.keyboardAndMouse.profile2.mapping8.enabled = "FALSE"
2023-09-26T08:11:02.878Z In(05) vmx DICT pref.keyboardAndMouse.profile2.mapping8.fromHost = "GUI SHIFT 0x029"
2023-09-26T08:11:02.878Z In(05) vmx DICT pref.keyboardAndMouse.profile2.mapping8.toGuest = "CycleWindowReverse"
2023-09-26T08:11:02.878Z In(05) vmx DICT pref.keyboardAndMouse.profile2.mapping9.mappingKey = "9"
2023-09-26T08:11:02.878Z In(05) vmx DICT pref.keyboardAndMouse.profile2.mapping9.enabled = "FALSE"
2023-09-26T08:11:02.878Z In(05) vmx DICT pref.keyboardAndMouse.profile2.mapping9.fromHost = "GUI H"
2023-09-26T08:11:02.878Z In(05) vmx DICT pref.keyboardAndMouse.profile2.mapping9.toGuest = "HideApplication"
2023-09-26T08:11:02.878Z In(05) vmx DICT pref.keyboardAndMouse.profile2.mapping10.mappingKey = "10"
2023-09-26T08:11:02.878Z In(05) vmx DICT pref.keyboardAndMouse.profile2.mapping10.enabled = "FALSE"
2023-09-26T08:11:02.878Z In(05) vmx DICT pref.keyboardAndMouse.profile2.mapping10.fromHost = "GUI M"
2023-09-26T08:11:02.878Z In(05) vmx DICT pref.keyboardAndMouse.profile2.mapping10.toGuest = "MinimizeWindow"
2023-09-26T08:11:02.878Z In(05) vmx DICT pref.keyboardAndMouse.profile2.mapping11.mappingKey = "11"
2023-09-26T08:11:02.878Z In(05) vmx DICT pref.keyboardAndMouse.profile2.mapping11.enabled = "FALSE"
2023-09-26T08:11:02.878Z In(05) vmx DICT pref.keyboardAndMouse.profile2.mapping11.fromHost = "GUI Q"
2023-09-26T08:11:02.878Z In(05) vmx DICT pref.keyboardAndMouse.profile2.mapping11.toGuest = "Quit"
2023-09-26T08:11:02.878Z In(05) vmx DICT pref.keyboardAndMouse.profile2.mapping12.mappingKey = "12"
2023-09-26T08:11:02.878Z In(05) vmx DICT pref.keyboardAndMouse.profile2.mapping12.enabled = "TRUE"
2023-09-26T08:11:02.878Z In(05) vmx DICT pref.keyboardAndMouse.profile2.mapping12.fromHost = "GUI SHIFT M"
2023-09-26T08:11:02.878Z In(05) vmx DICT pref.keyboardAndMouse.profile2.mapping12.toGuest = "ToggleHideMenu"
2023-09-26T08:11:02.878Z In(05) vmx DICT pref.keyboardAndMouse.profile2.mapping13.mappingKey = "13"
2023-09-26T08:11:02.878Z In(05) vmx DICT pref.keyboardAndMouse.profile2.mapping13.enabled = "FALSE"
2023-09-26T08:11:02.878Z In(05) vmx DICT pref.keyboardAndMouse.profile2.mapping13.fromHost = "GUI E"
2023-09-26T08:11:02.878Z In(05) vmx DICT pref.keyboardAndMouse.profile2.mapping13.toGuest = "Settings"
2023-09-26T08:11:02.878Z In(05) vmx DICT pref.keyboardAndMouse.profile3.profileKey = "52dee1aa-6688-9712-8d14-7b4077629ecf"
2023-09-26T08:11:02.878Z In(05) vmx DICT pref.keyboardAndMouse.profile3.profileName = "Windows 10 Profile"
2023-09-26T08:11:02.878Z In(05) vmx DICT pref.keyboardAndMouse.profile3.profileType = "windows9"
2023-09-26T08:11:02.878Z In(05) vmx DICT pref.keyboardAndMouse.profile3.enableOSShortcuts = "TRUE"
2023-09-26T08:11:02.878Z In(05) vmx DICT pref.keyboardAndMouse.profile3.enableKeyMappings = "TRUE"
2023-09-26T08:11:02.878Z In(05) vmx DICT pref.keyboardAndMouse.profile3.languageSpecificKeyMappingsEnabled = "TRUE"
2023-09-26T08:11:02.878Z In(05) vmx DICT pref.keyboardAndMouse.profile3.selectedLanguage = ""
2023-09-26T08:11:02.878Z In(05) vmx DICT pref.keyboardAndMouse.profile3.cmdKeyFilterType = "none"
2023-09-26T08:11:02.878Z In(05) vmx DICT pref.keyboardAndMouse.profile3.maxMappings = "30"
2023-09-26T08:11:02.878Z In(05) vmx DICT pref.keyboardAndMouse.profile3.mapping0.mappingKey = "0"
2023-09-26T08:11:02.878Z In(05) vmx DICT pref.keyboardAndMouse.profile3.mapping0.enabled = "TRUE"
2023-09-26T08:11:02.878Z In(05) vmx DICT pref.keyboardAndMouse.profile3.mapping0.fromHost = "GUI Z"
2023-09-26T08:11:02.878Z In(05) vmx DICT pref.keyboardAndMouse.profile3.mapping0.toGuest = "CONTROL Z"
2023-09-26T08:11:02.878Z In(05) vmx DICT pref.keyboardAndMouse.profile3.mapping1.mappingKey = "1"
2023-09-26T08:11:02.878Z In(05) vmx DICT pref.keyboardAndMouse.profile3.mapping1.enabled = "TRUE"
2023-09-26T08:11:02.878Z In(05) vmx DICT pref.keyboardAndMouse.profile3.mapping1.fromHost = "GUI X"
2023-09-26T08:11:02.878Z In(05) vmx DICT pref.keyboardAndMouse.profile3.mapping1.toGuest = "CONTROL X"
2023-09-26T08:11:02.878Z In(05) vmx DICT pref.keyboardAndMouse.profile3.mapping2.mappingKey = "2"
2023-09-26T08:11:02.878Z In(05) vmx DICT pref.keyboardAndMouse.profile3.mapping2.enabled = "TRUE"
2023-09-26T08:11:02.878Z In(05) vmx DICT pref.keyboardAndMouse.profile3.mapping2.fromHost = "GUI C"
2023-09-26T08:11:02.878Z In(05) vmx DICT pref.keyboardAndMouse.profile3.mapping2.toGuest = "CONTROL C"
2023-09-26T08:11:02.878Z In(05) vmx DICT pref.keyboardAndMouse.profile3.mapping3.mappingKey = "3"
2023-09-26T08:11:02.878Z In(05) vmx DICT pref.keyboardAndMouse.profile3.mapping3.enabled = "TRUE"
2023-09-26T08:11:02.878Z In(05) vmx DICT pref.keyboardAndMouse.profile3.mapping3.fromHost = "GUI V"
2023-09-26T08:11:02.878Z In(05) vmx DICT pref.keyboardAndMouse.profile3.mapping3.toGuest = "CONTROL V"
2023-09-26T08:11:02.878Z In(05) vmx DICT pref.keyboardAndMouse.profile3.mapping4.mappingKey = "4"
2023-09-26T08:11:02.878Z In(05) vmx DICT pref.keyboardAndMouse.profile3.mapping4.enabled = "TRUE"
2023-09-26T08:11:02.878Z In(05) vmx DICT pref.keyboardAndMouse.profile3.mapping4.fromHost = "GUI P"
2023-09-26T08:11:02.878Z In(05) vmx DICT pref.keyboardAndMouse.profile3.mapping4.toGuest = "CONTROL P"
2023-09-26T08:11:02.878Z In(05) vmx DICT pref.keyboardAndMouse.profile3.mapping5.mappingKey = "5"
2023-09-26T08:11:02.878Z In(05) vmx DICT pref.keyboardAndMouse.profile3.mapping5.enabled = "TRUE"
2023-09-26T08:11:02.878Z In(05) vmx DICT pref.keyboardAndMouse.profile3.mapping5.fromHost = "GUI A"
2023-09-26T08:11:02.878Z In(05) vmx DICT pref.keyboardAndMouse.profile3.mapping5.toGuest = "CONTROL A"
2023-09-26T08:11:02.878Z In(05) vmx DICT pref.keyboardAndMouse.profile3.mapping6.mappingKey = "6"
2023-09-26T08:11:02.878Z In(05) vmx DICT pref.keyboardAndMouse.profile3.mapping6.enabled = "TRUE"
2023-09-26T08:11:02.878Z In(05) vmx DICT pref.keyboardAndMouse.profile3.mapping6.fromHost = "GUI S"
2023-09-26T08:11:02.878Z In(05) vmx DICT pref.keyboardAndMouse.profile3.mapping6.toGuest = "CONTROL S"
2023-09-26T08:11:02.878Z In(05) vmx DICT pref.keyboardAndMouse.profile3.mapping7.mappingKey = "7"
2023-09-26T08:11:02.878Z In(05) vmx DICT pref.keyboardAndMouse.profile3.mapping7.enabled = "TRUE"
2023-09-26T08:11:02.878Z In(05) vmx DICT pref.keyboardAndMouse.profile3.mapping7.fromHost = "GUI F"
2023-09-26T08:11:02.878Z In(05) vmx DICT pref.keyboardAndMouse.profile3.mapping7.toGuest = "0x03d"
2023-09-26T08:11:02.878Z In(05) vmx DICT pref.keyboardAndMouse.profile3.mapping8.mappingKey = "8"
2023-09-26T08:11:02.878Z In(05) vmx DICT pref.keyboardAndMouse.profile3.mapping8.enabled = "TRUE"
2023-09-26T08:11:02.878Z In(05) vmx DICT pref.keyboardAndMouse.profile3.mapping8.fromHost = "GUI W"
2023-09-26T08:11:02.878Z In(05) vmx DICT pref.keyboardAndMouse.profile3.mapping8.toGuest = "ALT 0x03e"
2023-09-26T08:11:02.878Z In(05) vmx DICT pref.keyboardAndMouse.profile3.mapping9.mappingKey = "9"
2023-09-26T08:11:02.878Z In(05) vmx DICT pref.keyboardAndMouse.profile3.mapping9.enabled = "TRUE"
2023-09-26T08:11:02.878Z In(05) vmx DICT pref.keyboardAndMouse.profile3.mapping9.fromHost = "CONTROL ALT 0xe"
2023-09-26T08:11:02.878Z In(05) vmx DICT pref.keyboardAndMouse.profile3.mapping9.toGuest = "CONTROL ALT 0x153"
2023-09-26T08:11:02.878Z In(05) vmx DICT pref.keyboardAndMouse.profile3.mapping10.mappingKey = "10"
2023-09-26T08:11:02.878Z In(05) vmx DICT pref.keyboardAndMouse.profile3.mapping10.enabled = "FALSE"
2023-09-26T08:11:02.878Z In(05) vmx DICT pref.keyboardAndMouse.profile3.mapping10.fromHost = "0x11c"
2023-09-26T08:11:02.878Z In(05) vmx DICT pref.keyboardAndMouse.profile3.mapping10.toGuest = "0x138"
2023-09-26T08:11:02.878Z In(05) vmx DICT pref.keyboardAndMouse.profile3.mapping11.mappingKey = "11"
2023-09-26T08:11:02.878Z In(05) vmx DICT pref.keyboardAndMouse.profile3.mapping11.enabled = "TRUE"
2023-09-26T08:11:02.878Z In(05) vmx DICT pref.keyboardAndMouse.profile3.mapping11.fromHost = "GUI SHIFT H"
2023-09-26T08:11:02.878Z In(05) vmx DICT pref.keyboardAndMouse.profile3.mapping11.toGuest = "GUI H"
2023-09-26T08:11:02.878Z In(05) vmx DICT pref.keyboardAndMouse.profile3.mapping12.mappingKey = "12"
2023-09-26T08:11:02.878Z In(05) vmx DICT pref.keyboardAndMouse.profile3.mapping12.enabled = "TRUE"
2023-09-26T08:11:02.878Z In(05) vmx DICT pref.keyboardAndMouse.profile3.mapping12.fromHost = "GUI SHIFT M"
2023-09-26T08:11:02.878Z In(05) vmx DICT pref.keyboardAndMouse.profile3.mapping12.toGuest = "GUI M"
2023-09-26T08:11:02.878Z In(05) vmx DICT pref.keyboardAndMouse.profile3.mapping13.mappingKey = "13"
2023-09-26T08:11:02.878Z In(05) vmx DICT pref.keyboardAndMouse.profile3.mapping13.enabled = "TRUE"
2023-09-26T08:11:02.878Z In(05) vmx DICT pref.keyboardAndMouse.profile3.mapping13.fromHost = "GUI SHIFT P"
2023-09-26T08:11:02.878Z In(05) vmx DICT pref.keyboardAndMouse.profile3.mapping13.toGuest = "GUI P"
2023-09-26T08:11:02.878Z In(05) vmx DICT pref.keyboardAndMouse.profile3.mapping14.mappingKey = "14"
2023-09-26T08:11:02.878Z In(05) vmx DICT pref.keyboardAndMouse.profile3.mapping14.enabled = "TRUE"
2023-09-26T08:11:02.878Z In(05) vmx DICT pref.keyboardAndMouse.profile3.mapping14.fromHost = "GUI SHIFT V"
2023-09-26T08:11:02.878Z In(05) vmx DICT pref.keyboardAndMouse.profile3.mapping14.toGuest = "GUI V"
2023-09-26T08:11:02.878Z In(05) vmx DICT pref.keyboardAndMouse.profile3.mapping15.mappingKey = "15"
2023-09-26T08:11:02.878Z In(05) vmx DICT pref.keyboardAndMouse.profile3.mapping15.enabled = "TRUE"
2023-09-26T08:11:02.878Z In(05) vmx DICT pref.keyboardAndMouse.profile3.mapping15.fromHost = "GUI SHIFT X"
2023-09-26T08:11:02.878Z In(05) vmx DICT pref.keyboardAndMouse.profile3.mapping15.toGuest = "GUI X"
2023-09-26T08:11:02.878Z In(05) vmx DICT pref.keyboardAndMouse.profile3.mapping16.mappingKey = "16"
2023-09-26T08:11:02.878Z In(05) vmx DICT pref.keyboardAndMouse.profile3.mapping16.enabled = "TRUE"
2023-09-26T08:11:02.878Z In(05) vmx DICT pref.keyboardAndMouse.profile3.mapping16.fromHost = "GUI SHIFT Z"
2023-09-26T08:11:02.878Z In(05) vmx DICT pref.keyboardAndMouse.profile3.mapping16.toGuest = "GUI Z"
2023-09-26T08:11:02.878Z In(05) vmx DICT pref.keyboardAndMouse.profile3.mapping17.mappingKey = "17"
2023-09-26T08:11:02.878Z In(05) vmx DICT pref.keyboardAndMouse.profile3.mapping17.enabled = "TRUE"
2023-09-26T08:11:02.878Z In(05) vmx DICT pref.keyboardAndMouse.profile3.mapping17.fromHost = "Mouse1 Control"
2023-09-26T08:11:02.878Z In(05) vmx DICT pref.keyboardAndMouse.profile3.mapping17.toGuest = "Mouse2"
2023-09-26T08:11:02.878Z In(05) vmx DICT pref.keyboardAndMouse.profile3.mapping18.mappingKey = "18"
2023-09-26T08:11:02.878Z In(05) vmx DICT pref.keyboardAndMouse.profile3.mapping18.enabled = "TRUE"
2023-09-26T08:11:02.878Z In(05) vmx DICT pref.keyboardAndMouse.profile3.mapping18.fromHost = "Mouse1 GUI"
2023-09-26T08:11:02.878Z In(05) vmx DICT pref.keyboardAndMouse.profile3.mapping18.toGuest = "Mouse3"
2023-09-26T08:11:02.878Z In(05) vmx DICT pref.keyboardAndMouse.profile3.mapping19.mappingKey = "19"
2023-09-26T08:11:02.878Z In(05) vmx DICT pref.keyboardAndMouse.profile3.mapping19.enabled = "TRUE"
2023-09-26T08:11:02.878Z In(05) vmx DICT pref.keyboardAndMouse.profile3.mapping19.fromHost = "GUI CONTROL"
2023-09-26T08:11:02.878Z In(05) vmx DICT pref.keyboardAndMouse.profile3.mapping19.toGuest = "Ungrab"
2023-09-26T08:11:02.878Z In(05) vmx DICT pref.keyboardAndMouse.profile3.mapping20.mappingKey = "20"
2023-09-26T08:11:02.878Z In(05) vmx DICT pref.keyboardAndMouse.profile3.mapping20.enabled = "TRUE"
2023-09-26T08:11:02.878Z In(05) vmx DICT pref.keyboardAndMouse.profile3.mapping20.fromHost = "GUI CONTROL F"
2023-09-26T08:11:02.878Z In(05) vmx DICT pref.keyboardAndMouse.profile3.mapping20.toGuest = "Fullscreen"
2023-09-26T08:11:02.878Z In(05) vmx DICT pref.keyboardAndMouse.profile3.mapping21.mappingKey = "21"
2023-09-26T08:11:02.878Z In(05) vmx DICT pref.keyboardAndMouse.profile3.mapping21.enabled = "TRUE"
2023-09-26T08:11:02.878Z In(05) vmx DICT pref.keyboardAndMouse.profile3.mapping21.fromHost = "GUI SHIFT U"
2023-09-26T08:11:02.878Z In(05) vmx DICT pref.keyboardAndMouse.profile3.mapping21.toGuest = "Unity"
2023-09-26T08:11:02.878Z In(05) vmx DICT pref.keyboardAndMouse.profile3.mapping22.mappingKey = "22"
2023-09-26T08:11:02.878Z In(05) vmx DICT pref.keyboardAndMouse.profile3.mapping22.enabled = "TRUE"
2023-09-26T08:11:02.878Z In(05) vmx DICT pref.keyboardAndMouse.profile3.mapping22.fromHost = "GUI CONTROL S"
2023-09-26T08:11:02.878Z In(05) vmx DICT pref.keyboardAndMouse.profile3.mapping22.toGuest = "SingleWindow"
2023-09-26T08:11:02.878Z In(05) vmx DICT pref.keyboardAndMouse.profile3.mapping23.mappingKey = "23"
2023-09-26T08:11:02.878Z In(05) vmx DICT pref.keyboardAndMouse.profile3.mapping23.enabled = "TRUE"
2023-09-26T08:11:02.878Z In(05) vmx DICT pref.keyboardAndMouse.profile3.mapping23.fromHost = "GUI 0x029"
2023-09-26T08:11:02.878Z In(05) vmx DICT pref.keyboardAndMouse.profile3.mapping23.toGuest = "CycleWindow"
2023-09-26T08:11:02.878Z In(05) vmx DICT pref.keyboardAndMouse.profile3.mapping24.mappingKey = "24"
2023-09-26T08:11:02.878Z In(05) vmx DICT pref.keyboardAndMouse.profile3.mapping24.enabled = "TRUE"
2023-09-26T08:11:02.878Z In(05) vmx DICT pref.keyboardAndMouse.profile3.mapping24.fromHost = "GUI SHIFT 0x029"
2023-09-26T08:11:02.878Z In(05) vmx DICT pref.keyboardAndMouse.profile3.mapping24.toGuest = "CycleWindowReverse"
2023-09-26T08:11:02.878Z In(05) vmx DICT pref.keyboardAndMouse.profile3.mapping25.mappingKey = "25"
2023-09-26T08:11:02.878Z In(05) vmx DICT pref.keyboardAndMouse.profile3.mapping25.enabled = "TRUE"
2023-09-26T08:11:02.878Z In(05) vmx DICT pref.keyboardAndMouse.profile3.mapping25.fromHost = "GUI H"
2023-09-26T08:11:02.878Z In(05) vmx DICT pref.keyboardAndMouse.profile3.mapping25.toGuest = "HideApplication"
2023-09-26T08:11:02.878Z In(05) vmx DICT pref.keyboardAndMouse.profile3.mapping26.mappingKey = "26"
2023-09-26T08:11:02.878Z In(05) vmx DICT pref.keyboardAndMouse.profile3.mapping26.enabled = "TRUE"
2023-09-26T08:11:02.878Z In(05) vmx DICT pref.keyboardAndMouse.profile3.mapping26.fromHost = "GUI M"
2023-09-26T08:11:02.878Z In(05) vmx DICT pref.keyboardAndMouse.profile3.mapping26.toGuest = "MinimizeWindow"
2023-09-26T08:11:02.878Z In(05) vmx DICT pref.keyboardAndMouse.profile3.mapping27.mappingKey = "27"
2023-09-26T08:11:02.878Z In(05) vmx DICT pref.keyboardAndMouse.profile3.mapping27.enabled = "TRUE"
2023-09-26T08:11:02.878Z In(05) vmx DICT pref.keyboardAndMouse.profile3.mapping27.fromHost = "GUI Q"
2023-09-26T08:11:02.878Z In(05) vmx DICT pref.keyboardAndMouse.profile3.mapping27.toGuest = "Quit"
2023-09-26T08:11:02.878Z In(05) vmx DICT pref.keyboardAndMouse.profile3.mapping28.mappingKey = "28"
2023-09-26T08:11:02.878Z In(05) vmx DICT pref.keyboardAndMouse.profile3.mapping28.enabled = "TRUE"
2023-09-26T08:11:02.878Z In(05) vmx DICT pref.keyboardAndMouse.profile3.mapping28.fromHost = "GUI ALT SHIFT M"
2023-09-26T08:11:02.878Z In(05) vmx DICT pref.keyboardAndMouse.profile3.mapping28.toGuest = "ToggleHideMenu"
2023-09-26T08:11:02.878Z In(05) vmx DICT pref.keyboardAndMouse.profile3.mapping29.mappingKey = "29"
2023-09-26T08:11:02.878Z In(05) vmx DICT pref.keyboardAndMouse.profile3.mapping29.enabled = "FALSE"
2023-09-26T08:11:02.878Z In(05) vmx DICT pref.keyboardAndMouse.profile3.mapping29.fromHost = "GUI E"
2023-09-26T08:11:02.878Z In(05) vmx DICT pref.keyboardAndMouse.profile3.mapping29.toGuest = "Settings"
2023-09-26T08:11:02.878Z In(05) vmx DICT   pref.lastUpdateCheckSec = "1695712250"
2023-09-26T08:11:02.878Z In(05) vmx DICT --- USER DEFAULTS /Users/joker/Library/Preferences/VMware Fusion/config
2023-09-26T08:11:02.878Z In(05) vmx DICT --- HOST DEFAULTS /Library/Preferences/VMware Fusion/config
2023-09-26T08:11:02.878Z In(05) vmx DICT --- SITE DEFAULTS /Applications/VMware Fusion.app/Contents/Library/config
2023-09-26T08:11:02.878Z In(05) vmx DICT --- NONPERSISTENT
2023-09-26T08:11:02.878Z In(05) vmx DICT  vmx.noUIBuildNumberCheck = "TRUE"
2023-09-26T08:11:02.878Z In(05) vmx DICT             gui.available = "TRUE"
2023-09-26T08:11:02.878Z In(05) vmx DICT --- COMMAND LINE
2023-09-26T08:11:02.878Z In(05) vmx DICT  vmx.noUIBuildNumberCheck = "TRUE"
2023-09-26T08:11:02.878Z In(05) vmx DICT             gui.available = "TRUE"
2023-09-26T08:11:02.878Z In(05) vmx DICT --- RECORDING
2023-09-26T08:11:02.878Z In(05) vmx DICT  vmx.noUIBuildNumberCheck = "TRUE"
2023-09-26T08:11:02.878Z In(05) vmx DICT             gui.available = "TRUE"
2023-09-26T08:11:02.878Z In(05) vmx DICT --- CONFIGURATION /Users/joker/Projects/joktec/joktec-docker/k8s/install-cluster/master/.vagrant/machines/default/vmware_desktop/f066fcdb-64c3-4a46-b250-97d6d2f43f84/centos-7-1-1.x86_64.vmx 
2023-09-26T08:11:02.878Z In(05) vmx DICT             cleanshutdown = "TRUE"
2023-09-26T08:11:02.878Z In(05) vmx DICT            config.version = "8"
2023-09-26T08:11:02.878Z In(05) vmx DICT      cpuid.corespersocket = "1"
2023-09-26T08:11:02.878Z In(05) vmx DICT               displayname = "master: default"
2023-09-26T08:11:02.878Z In(05) vmx DICT     ethernet0.addresstype = "generated"
2023-09-26T08:11:02.878Z In(05) vmx DICT  ethernet0.connectiontype = "nat"
2023-09-26T08:11:02.878Z In(05) vmx DICT         ethernet0.present = "TRUE"
2023-09-26T08:11:02.878Z In(05) vmx DICT      ethernet0.virtualdev = "e1000e"
2023-09-26T08:11:02.878Z In(05) vmx DICT     ethernet1.addresstype = "generated"
2023-09-26T08:11:02.878Z In(05) vmx DICT  ethernet1.connectiontype = "custom"
2023-09-26T08:11:02.878Z In(05) vmx DICT         ethernet1.present = "TRUE"
2023-09-26T08:11:02.878Z In(05) vmx DICT      ethernet1.virtualdev = "e1000e"
2023-09-26T08:11:02.878Z In(05) vmx DICT            ethernet1.vnet = "vmnet2"
2023-09-26T08:11:02.878Z In(05) vmx DICT        extendedconfigfile = "centos-7-1-1.x86_64.vmxf"
2023-09-26T08:11:02.878Z In(05) vmx DICT            filesearchpath = ".;/Users/joker/.vagrant.d/boxes/centos-VAGRANTSLASH-7/2004.01/vmware_desktop"
2023-09-26T08:11:02.878Z In(05) vmx DICT           floppy0.present = "FALSE"
2023-09-26T08:11:02.878Z In(05) vmx DICT                   guestos = "linux"
2023-09-26T08:11:02.878Z In(05) vmx DICT                   memsize = "1024"
2023-09-26T08:11:02.878Z In(05) vmx DICT            msg.autoanswer = "true"
2023-09-26T08:11:02.878Z In(05) vmx DICT                  numvcpus = "1"
2023-09-26T08:11:02.878Z In(05) vmx DICT                     nvram = "centos-7-1-1.x86_64.nvram"
2023-09-26T08:11:02.878Z In(05) vmx DICT        pcibridge0.present = "TRUE"
2023-09-26T08:11:02.878Z In(05) vmx DICT      pcibridge4.functions = "8"
2023-09-26T08:11:02.878Z In(05) vmx DICT        pcibridge4.present = "TRUE"
2023-09-26T08:11:02.878Z In(05) vmx DICT     pcibridge4.virtualdev = "pcieRootPort"
2023-09-26T08:11:02.878Z In(05) vmx DICT      pcibridge5.functions = "8"
2023-09-26T08:11:02.878Z In(05) vmx DICT        pcibridge5.present = "TRUE"
2023-09-26T08:11:02.878Z In(05) vmx DICT     pcibridge5.virtualdev = "pcieRootPort"
2023-09-26T08:11:02.878Z In(05) vmx DICT      pcibridge6.functions = "8"
2023-09-26T08:11:02.878Z In(05) vmx DICT        pcibridge6.present = "TRUE"
2023-09-26T08:11:02.878Z In(05) vmx DICT     pcibridge6.virtualdev = "pcieRootPort"
2023-09-26T08:11:02.878Z In(05) vmx DICT      pcibridge7.functions = "8"
2023-09-26T08:11:02.878Z In(05) vmx DICT        pcibridge7.present = "TRUE"
2023-09-26T08:11:02.878Z In(05) vmx DICT     pcibridge7.virtualdev = "pcieRootPort"
2023-09-26T08:11:02.878Z In(05) vmx DICT          policy.vm.mvmtid = ""
2023-09-26T08:11:02.878Z In(05) vmx DICT          replay.supported = "FALSE"
2023-09-26T08:11:02.878Z In(05) vmx DICT       scsi0.pcislotnumber = "16"
2023-09-26T08:11:02.878Z In(05) vmx DICT             scsi0.present = "TRUE"
2023-09-26T08:11:02.878Z In(05) vmx DICT          scsi0.virtualdev = "pvscsi"
2023-09-26T08:11:02.878Z In(05) vmx DICT        scsi0:0.devicetype = "disk"
2023-09-26T08:11:02.878Z In(05) vmx DICT          scsi0:0.filename = "centos-7-1-1.x86_64-disk1-cl1.vmdk"
2023-09-26T08:11:02.878Z In(05) vmx DICT              scsi0:0.mode = "persistent"
2023-09-26T08:11:02.878Z In(05) vmx DICT           scsi0:0.present = "TRUE"
2023-09-26T08:11:02.878Z In(05) vmx DICT      scsi0:0.writethrough = "FALSE"
2023-09-26T08:11:02.878Z In(05) vmx DICT              softpoweroff = "FALSE"
2023-09-26T08:11:02.878Z In(05) vmx DICT            tools.synctime = "FALSE"
2023-09-26T08:11:02.878Z In(05) vmx DICT  toolscripts.afterpoweron = "TRUE"
2023-09-26T08:11:02.878Z In(05) vmx DICT   toolscripts.afterresume = "TRUE"
2023-09-26T08:11:02.878Z In(05) vmx DICT toolscripts.beforepoweroff = "TRUE"
2023-09-26T08:11:02.878Z In(05) vmx DICT toolscripts.beforesuspend = "TRUE"
2023-09-26T08:11:02.878Z In(05) vmx DICT               uuid.action = "create"
2023-09-26T08:11:02.878Z In(05) vmx DICT                 uuid.bios = ""
2023-09-26T08:11:02.878Z In(05) vmx DICT             uuid.location = ""
2023-09-26T08:11:02.878Z In(05) vmx DICT                   vc.uuid = ""
2023-09-26T08:11:02.878Z In(05) vmx DICT                vhv.enable = "FALSE"
2023-09-26T08:11:02.878Z In(05) vmx DICT         virtualhw.version = "8"
2023-09-26T08:11:02.878Z In(05) vmx DICT             vmci0.present = "TRUE"
2023-09-26T08:11:02.878Z In(05) vmx DICT virtualHW.productCompatibility = "hosted"
2023-09-26T08:11:02.878Z In(05) vmx DICT         vmxstats.filename = "centos-7-1-1.x86_64.scoreboard"
2023-09-26T08:11:02.878Z In(05) vmx DICT --- USER DEFAULTS ~/Library/Preferences/VMware Fusion/config 
2023-09-26T08:11:02.878Z In(05) vmx DICT --- HOST DEFAULTS /Library/Preferences/VMware Fusion/config 
2023-09-26T08:11:02.878Z In(05) vmx DICT --- SITE DEFAULTS /dev/null/Non-existing DEFAULT_LIBDIRECTORY/config 
2023-09-26T08:11:02.878Z In(05) vmx DICT --- GLOBAL SETTINGS /dev/null/Non-existing DEFAULT_LIBDIRECTORY/settings 
2023-09-26T08:11:02.878Z In(05) vmx Msg_Post: Error
2023-09-26T08:11:02.878Z In(05) vmx [msg.guestos.badArch] This virtual machine cannot be powered on because it requires the X86 machine architecture, which is incompatible with this Arm machine architecture host. See KB-84273.
2023-09-26T08:11:02.878Z In(05) vmx ----------------------------------------
2023-09-26T08:11:02.878Z In(05) vmx MsgIsAnswered: Using builtin default 'OK' as the answer for 'msg.guestos.badArch'
2023-09-26T08:11:02.878Z In(05) vmx Module 'GuestOS' power on failed.
2023-09-26T08:11:02.878Z In(05) vmx VMX_PowerOn: ModuleTable_PowerOn = 0
2023-09-26T08:11:02.878Z In(05) vmx VMXSTATS: Ready to cleanup and munmap 108E70000.
2023-09-26T08:11:02.878Z In(05) vmx Vix: [mainDispatch.c:4213]: VMAutomation_ReportPowerOpFinished: statevar=0, newAppState=1870, success=1 additionalError=0
2023-09-26T08:11:02.878Z In(05) vmx Transitioned vmx/execState/val to poweredOff
2023-09-26T08:11:02.878Z In(05) vmx Vix: [mainDispatch.c:4213]: VMAutomation_ReportPowerOpFinished: statevar=0, newAppState=1870, success=0 additionalError=0
2023-09-26T08:11:02.878Z In(05) vmx Vix: [mainDispatch.c:4251]: Error VIX_E_FAIL in VMAutomation_ReportPowerOpFinished(): Unknown error
2023-09-26T08:11:02.879Z In(05) vmx Vix: [mainDispatch.c:4213]: VMAutomation_ReportPowerOpFinished: statevar=0, newAppState=1870, success=1 additionalError=0
2023-09-26T08:11:02.879Z In(05) vmx Transitioned vmx/execState/val to poweredOff
2023-09-26T08:11:02.879Z In(05) vmx WQPoolFreePoll : pollIx = 3, signalHandle = 26
2023-09-26T08:11:02.879Z Wa(03) vmx vmmon was never opened.
2023-09-26T08:11:02.879Z In(05) vmx Services_Exit: Closed the services.
2023-09-26T08:11:02.879Z In(05) vmx Vix: [mainDispatch.c:817]: VMAutomation_LateShutdown()
2023-09-26T08:11:02.879Z In(05) vmx Vix: [mainDispatch.c:772]: VMAutomationCloseListenerSocket. Closing listener socket.
2023-09-26T08:11:02.879Z In(05) vmx Flushing VMX VMDB connections
2023-09-26T08:11:02.879Z In(05) vmx VmdbDbRemoveCnx: Removing Cnx from Db for '/db/connection/#1/'
2023-09-26T08:11:02.879Z In(05) vmx VmdbCnxDisconnect: Disconnect: closed pipe for pub cnx '/db/connection/#1/' (0)
2023-09-26T08:11:02.879Z In(05) vmx VigorTransport_ServerDestroy: server destroyed.
2023-09-26T08:11:02.879Z In(05) vmx WQPoolFreePoll : pollIx = 2, signalHandle = 14
2023-09-26T08:11:02.879Z In(05) vmx WQPoolFreePoll : pollIx = 1, signalHandle = 16
2023-09-26T08:11:02.881Z In(05) vmx VMX exit (0).
2023-09-26T08:11:02.881Z In(05) vmx OBJLIB-LIB: ObjLib cleanup done.
